[debug] [2018-01-04T02:07:17.098Z] ----------------------------------------------------------------------
[debug] [2018-01-04T02:07:17.117Z] Command:       C:\Program Files\nodejs\node.exe C:\Users\RFPEQUIPO08\AppData\Roaming\npm\node_modules\firebase-tools\bin\firebase serve
[debug] [2018-01-04T02:07:17.118Z] CLI Version:   3.16.0
[debug] [2018-01-04T02:07:17.118Z] Platform:      win32
[debug] [2018-01-04T02:07:17.118Z] Node Version:  v8.9.4
[debug] [2018-01-04T02:07:17.120Z] Time:          Wed Jan 03 2018 23:07:17 GMT-0300 (Hora verano Sudamérica Pacífico)
[debug] [2018-01-04T02:07:17.120Z] ----------------------------------------------------------------------
[debug] 
[debug] [2018-01-04T02:07:17.192Z] > command requires scopes: ["email","openid","https://www.googleapis.com/auth/cloudplatformprojects.readonly","https://www.googleapis.com/auth/firebase","https://www.googleapis.com/auth/cloud-platform"]
[debug] [2018-01-04T02:07:17.194Z] > authorizing via signed-in user
[debug] [2018-01-04T02:07:17.207Z] > refreshing access token with scopes: ["email","https://www.googleapis.com/auth/cloud-platform","https://www.googleapis.com/auth/cloudplatformprojects.readonly","https://www.googleapis.com/auth/firebase","openid"]
[debug] [2018-01-04T02:07:17.208Z] >>> HTTP REQUEST POST https://www.googleapis.com/oauth2/v3/token  
 { refresh_token: '1/ZiKFbA-W6HqLIbO2i5WTqcyoVKamLSwBuaxOdZ-DTw35slQpC4lEKjGSHlsgqY96',
  client_id: '563584335869-fgrhgmd47bqnekij5i8b5pr03ho849e6.apps.googleusercontent.com',
  client_secret: 'j9iVZfS8kkCEFUPaAeJV0sAi',
  grant_type: 'refresh_token',
  scope: 'email https://www.googleapis.com/auth/cloud-platform https://www.googleapis.com/auth/cloudplatformprojects.readonly https://www.googleapis.com/auth/firebase openid' } 
 Wed Jan 03 2018 23:07:17 GMT-0300 (Hora verano Sudamérica Pacífico)
[debug] [2018-01-04T02:07:19.219Z] <<< HTTP RESPONSE 200
[debug] [2018-01-04T02:07:19.270Z] >>> HTTP REQUEST GET https://admin.firebase.com/v1/projects/chat-8bde5  
  
 Wed Jan 03 2018 23:07:19 GMT-0300 (Hora verano Sudamérica Pacífico)
[debug] [2018-01-04T02:07:20.309Z] <<< HTTP RESPONSE 200
[debug] [2018-01-04T02:07:20.311Z] >>> HTTP REQUEST GET https://admin.firebase.com/v1/database/chat-8bde5/tokens  
  
 Wed Jan 03 2018 23:07:20 GMT-0300 (Hora verano Sudamérica Pacífico)
[debug] [2018-01-04T02:07:21.202Z] <<< HTTP RESPONSE 200
[info] 
[info] === Serving from 'C:\Users\RFPEQUIPO08\Desktop\friendlychat-web\web-start'...
[info] 
[debug] [2018-01-04T02:07:21.211Z] >>> HTTP REQUEST GET https://cloudresourcemanager.googleapis.com/v1/projects/chat-8bde5  
  
 Wed Jan 03 2018 23:07:21 GMT-0300 (Hora verano Sudamérica Pacífico)
[debug] [2018-01-04T02:07:22.429Z] <<< HTTP RESPONSE 200
[debug] [2018-01-04T02:07:22.434Z] >>> HTTP REQUEST GET https://mobilesdk-pa.googleapis.com/v1/projects/1049290262940/clients/_:getWebAppConfig  
  
 Wed Jan 03 2018 23:07:22 GMT-0300 (Hora verano Sudamérica Pacífico)
[debug] [2018-01-04T02:07:24.019Z] <<< HTTP RESPONSE 200
[info] i  hosting: Serving hosting files from: ./
[info] +  hosting: Local server: http://localhost:5000

[debug] [2018-01-04T02:38:39.912Z] ----------------------------------------------------------------------
[debug] [2018-01-04T02:38:39.925Z] Command:       C:\Program Files\nodejs\node.exe C:\Users\RFPEQUIPO08\AppData\Roaming\npm\node_modules\firebase-tools\bin\firebase serve
[debug] [2018-01-04T02:38:39.926Z] CLI Version:   3.16.0
[debug] [2018-01-04T02:38:39.926Z] Platform:      win32
[debug] [2018-01-04T02:38:39.926Z] Node Version:  v8.9.4
[debug] [2018-01-04T02:38:39.928Z] Time:          Wed Jan 03 2018 23:38:39 GMT-0300 (Hora verano Sudamérica Pacífico)
[debug] [2018-01-04T02:38:39.929Z] ----------------------------------------------------------------------
[debug] 
[debug] [2018-01-04T02:38:39.986Z] > command requires scopes: ["email","openid","https://www.googleapis.com/auth/cloudplatformprojects.readonly","https://www.googleapis.com/auth/firebase","https://www.googleapis.com/auth/cloud-platform"]
[debug] [2018-01-04T02:38:39.988Z] > authorizing via signed-in user
[debug] [2018-01-04T02:38:39.999Z] >>> HTTP REQUEST GET https://admin.firebase.com/v1/projects/chat-8bde5  
  
 Wed Jan 03 2018 23:38:39 GMT-0300 (Hora verano Sudamérica Pacífico)
[debug] [2018-01-04T02:38:43.302Z] <<< HTTP RESPONSE 200
[debug] [2018-01-04T02:38:43.305Z] >>> HTTP REQUEST GET https://admin.firebase.com/v1/database/chat-8bde5/tokens  
  
 Wed Jan 03 2018 23:38:43 GMT-0300 (Hora verano Sudamérica Pacífico)
[debug] [2018-01-04T02:38:44.275Z] <<< HTTP RESPONSE 200
[info] 
[info] === Serving from 'C:\Users\RFPEQUIPO08\Desktop\friendlychat-web\web-start'...
[info] 
[debug] [2018-01-04T02:38:44.285Z] >>> HTTP REQUEST GET https://cloudresourcemanager.googleapis.com/v1/projects/chat-8bde5  
  
 Wed Jan 03 2018 23:38:44 GMT-0300 (Hora verano Sudamérica Pacífico)
[debug] [2018-01-04T02:38:45.505Z] <<< HTTP RESPONSE 200
[debug] [2018-01-04T02:38:45.511Z] >>> HTTP REQUEST GET https://mobilesdk-pa.googleapis.com/v1/projects/1049290262940/clients/_:getWebAppConfig  
  
 Wed Jan 03 2018 23:38:45 GMT-0300 (Hora verano Sudamérica Pacífico)
[debug] [2018-01-04T02:38:47.022Z] <<< HTTP RESPONSE 200
[info] i  hosting: Serving hosting files from: ./
[info] +  hosting: Local server: http://localhost:5000

